     1 00000000                                 [FORMAT "WCOFF"]
     2 00000000                                 [INSTRSET "i486p"]
     3 00000000                                 [OPTIMIZE 1]
     4 00000000                                 [OPTION 1]
     5 00000000                                 [BITS 32]
     6 00000000                                 	EXTERN	_io_hlt
     7 00000000                                 	EXTERN	_io_load_eflags
     8 00000000                                 	EXTERN	_io_cli
     9 00000000                                 	EXTERN	_io_out8
    10 00000000                                 	EXTERN	_io_store_eflags
    11 00000000                                 [FILE "bootpack.c"]
    12                                          [SECTION .text]
    13 00000000                                 	ALIGN	2
    14 00000000                                 	GLOBAL	_HariMain
    15 00000000                                 _HariMain:
    16 00000000 55                              	PUSH	EBP
    17 00000001 89 E5                           	MOV	EBP,ESP
    18 00000003 83 EC 18                        	SUB	ESP,24
    19 00000006 E8 0000029F                     	CALL	_init_palette
    20 0000000B C7 45 FC 000A0000               	MOV	DWORD [-4+EBP],655360
    21 00000012 C7 45 F8 00000140               	MOV	DWORD [-8+EBP],320
    22 00000019 C7 45 F4 000000C8               	MOV	DWORD [-12+EBP],200
    23 00000020 83 EC 04                        	SUB	ESP,4
    24 00000023 8B 45 F4                        	MOV	EAX,DWORD [-12+EBP]
    25 00000026 83 E8 1D                        	SUB	EAX,29
    26 00000029 50                              	PUSH	EAX
    27 0000002A 8B 45 F8                        	MOV	EAX,DWORD [-8+EBP]
    28 0000002D 48                              	DEC	EAX
    29 0000002E 50                              	PUSH	EAX
    30 0000002F 6A 00                           	PUSH	0
    31 00000031 6A 00                           	PUSH	0
    32 00000033 6A 0E                           	PUSH	14
    33 00000035 FF 75 F8                        	PUSH	DWORD [-8+EBP]
    34 00000038 FF 75 FC                        	PUSH	DWORD [-4+EBP]
    35 0000003B E8 0000021A                     	CALL	_boxfill8
    36 00000040 83 C4 20                        	ADD	ESP,32
    37 00000043 83 EC 04                        	SUB	ESP,4
    38 00000046 8B 45 F4                        	MOV	EAX,DWORD [-12+EBP]
    39 00000049 83 E8 1C                        	SUB	EAX,28
    40 0000004C 50                              	PUSH	EAX
    41 0000004D 8B 45 F8                        	MOV	EAX,DWORD [-8+EBP]
    42 00000050 48                              	DEC	EAX
    43 00000051 50                              	PUSH	EAX
    44 00000052 8B 45 F4                        	MOV	EAX,DWORD [-12+EBP]
    45 00000055 83 E8 1C                        	SUB	EAX,28
    46 00000058 50                              	PUSH	EAX
    47 00000059 6A 00                           	PUSH	0
    48 0000005B 6A 08                           	PUSH	8
    49 0000005D FF 75 F8                        	PUSH	DWORD [-8+EBP]
    50 00000060 FF 75 FC                        	PUSH	DWORD [-4+EBP]
    51 00000063 E8 000001F2                     	CALL	_boxfill8
    52 00000068 83 C4 20                        	ADD	ESP,32
    53 0000006B 83 EC 04                        	SUB	ESP,4
    54 0000006E 8B 45 F4                        	MOV	EAX,DWORD [-12+EBP]
    55 00000071 83 E8 1B                        	SUB	EAX,27
    56 00000074 50                              	PUSH	EAX
    57 00000075 8B 45 F8                        	MOV	EAX,DWORD [-8+EBP]
    58 00000078 48                              	DEC	EAX
    59 00000079 50                              	PUSH	EAX
    60 0000007A 8B 45 F4                        	MOV	EAX,DWORD [-12+EBP]
    61 0000007D 83 E8 1B                        	SUB	EAX,27
    62 00000080 50                              	PUSH	EAX
    63 00000081 6A 00                           	PUSH	0
    64 00000083 6A 07                           	PUSH	7
    65 00000085 FF 75 F8                        	PUSH	DWORD [-8+EBP]
    66 00000088 FF 75 FC                        	PUSH	DWORD [-4+EBP]
    67 0000008B E8 000001CA                     	CALL	_boxfill8
    68 00000090 83 C4 20                        	ADD	ESP,32
    69 00000093 83 EC 04                        	SUB	ESP,4
    70 00000096 8B 45 F4                        	MOV	EAX,DWORD [-12+EBP]
    71 00000099 48                              	DEC	EAX
    72 0000009A 50                              	PUSH	EAX
    73 0000009B 8B 45 F8                        	MOV	EAX,DWORD [-8+EBP]
    74 0000009E 48                              	DEC	EAX
    75 0000009F 50                              	PUSH	EAX
    76 000000A0 8B 45 F4                        	MOV	EAX,DWORD [-12+EBP]
    77 000000A3 83 E8 1A                        	SUB	EAX,26
    78 000000A6 50                              	PUSH	EAX
    79 000000A7 6A 00                           	PUSH	0
    80 000000A9 6A 08                           	PUSH	8
    81 000000AB FF 75 F8                        	PUSH	DWORD [-8+EBP]
    82 000000AE FF 75 FC                        	PUSH	DWORD [-4+EBP]
    83 000000B1 E8 000001A4                     	CALL	_boxfill8
    84 000000B6 83 C4 20                        	ADD	ESP,32
    85 000000B9 83 EC 04                        	SUB	ESP,4
    86 000000BC 8B 45 F4                        	MOV	EAX,DWORD [-12+EBP]
    87 000000BF 83 E8 18                        	SUB	EAX,24
    88 000000C2 50                              	PUSH	EAX
    89 000000C3 6A 3B                           	PUSH	59
    90 000000C5 8B 45 F4                        	MOV	EAX,DWORD [-12+EBP]
    91 000000C8 83 E8 18                        	SUB	EAX,24
    92 000000CB 50                              	PUSH	EAX
    93 000000CC 6A 03                           	PUSH	3
    94 000000CE 6A 07                           	PUSH	7
    95 000000D0 FF 75 F8                        	PUSH	DWORD [-8+EBP]
    96 000000D3 FF 75 FC                        	PUSH	DWORD [-4+EBP]
    97 000000D6 E8 0000017F                     	CALL	_boxfill8
    98 000000DB 83 C4 20                        	ADD	ESP,32
    99 000000DE 83 EC 04                        	SUB	ESP,4
   100 000000E1 8B 45 F4                        	MOV	EAX,DWORD [-12+EBP]
   101 000000E4 83 E8 04                        	SUB	EAX,4
   102 000000E7 50                              	PUSH	EAX
   103 000000E8 6A 02                           	PUSH	2
   104 000000EA 8B 45 F4                        	MOV	EAX,DWORD [-12+EBP]
   105 000000ED 83 E8 18                        	SUB	EAX,24
   106 000000F0 50                              	PUSH	EAX
   107 000000F1 6A 02                           	PUSH	2
   108 000000F3 6A 07                           	PUSH	7
   109 000000F5 FF 75 F8                        	PUSH	DWORD [-8+EBP]
   110 000000F8 FF 75 FC                        	PUSH	DWORD [-4+EBP]
   111 000000FB E8 0000015A                     	CALL	_boxfill8
   112 00000100 83 C4 20                        	ADD	ESP,32
   113 00000103 83 EC 04                        	SUB	ESP,4
   114 00000106 8B 45 F4                        	MOV	EAX,DWORD [-12+EBP]
   115 00000109 83 E8 04                        	SUB	EAX,4
   116 0000010C 50                              	PUSH	EAX
   117 0000010D 6A 3B                           	PUSH	59
   118 0000010F 8B 45 F4                        	MOV	EAX,DWORD [-12+EBP]
   119 00000112 83 E8 04                        	SUB	EAX,4
   120 00000115 50                              	PUSH	EAX
   121 00000116 6A 03                           	PUSH	3
   122 00000118 6A 0F                           	PUSH	15
   123 0000011A FF 75 F8                        	PUSH	DWORD [-8+EBP]
   124 0000011D FF 75 FC                        	PUSH	DWORD [-4+EBP]
   125 00000120 E8 00000135                     	CALL	_boxfill8
   126 00000125 83 C4 20                        	ADD	ESP,32
   127 00000128 83 EC 04                        	SUB	ESP,4
   128 0000012B 8B 45 F4                        	MOV	EAX,DWORD [-12+EBP]
   129 0000012E 83 E8 05                        	SUB	EAX,5
   130 00000131 50                              	PUSH	EAX
   131 00000132 6A 3B                           	PUSH	59
   132 00000134 8B 45 F4                        	MOV	EAX,DWORD [-12+EBP]
   133 00000137 83 E8 17                        	SUB	EAX,23
   134 0000013A 50                              	PUSH	EAX
   135 0000013B 6A 3B                           	PUSH	59
   136 0000013D 6A 0F                           	PUSH	15
   137 0000013F FF 75 F8                        	PUSH	DWORD [-8+EBP]
   138 00000142 FF 75 FC                        	PUSH	DWORD [-4+EBP]
   139 00000145 E8 00000110                     	CALL	_boxfill8
   140 0000014A 83 C4 20                        	ADD	ESP,32
   141 0000014D 83 EC 04                        	SUB	ESP,4
   142 00000150 8B 45 F4                        	MOV	EAX,DWORD [-12+EBP]
   143 00000153 83 E8 03                        	SUB	EAX,3
   144 00000156 50                              	PUSH	EAX
   145 00000157 6A 3B                           	PUSH	59
   146 00000159 8B 45 F4                        	MOV	EAX,DWORD [-12+EBP]
   147 0000015C 83 E8 03                        	SUB	EAX,3
   148 0000015F 50                              	PUSH	EAX
   149 00000160 6A 02                           	PUSH	2
   150 00000162 6A 00                           	PUSH	0
   151 00000164 FF 75 F8                        	PUSH	DWORD [-8+EBP]
   152 00000167 FF 75 FC                        	PUSH	DWORD [-4+EBP]
   153 0000016A E8 000000EB                     	CALL	_boxfill8
   154 0000016F 83 C4 20                        	ADD	ESP,32
   155 00000172 83 EC 04                        	SUB	ESP,4
   156 00000175 8B 45 F4                        	MOV	EAX,DWORD [-12+EBP]
   157 00000178 83 E8 03                        	SUB	EAX,3
   158 0000017B 50                              	PUSH	EAX
   159 0000017C 6A 3C                           	PUSH	60
   160 0000017E 8B 45 F4                        	MOV	EAX,DWORD [-12+EBP]
   161 00000181 83 E8 18                        	SUB	EAX,24
   162 00000184 50                              	PUSH	EAX
   163 00000185 6A 3C                           	PUSH	60
   164 00000187 6A 00                           	PUSH	0
   165 00000189 FF 75 F8                        	PUSH	DWORD [-8+EBP]
   166 0000018C FF 75 FC                        	PUSH	DWORD [-4+EBP]
   167 0000018F E8 000000C6                     	CALL	_boxfill8
   168 00000194 83 C4 20                        	ADD	ESP,32
   169 00000197 83 EC 04                        	SUB	ESP,4
   170 0000019A 8B 45 F4                        	MOV	EAX,DWORD [-12+EBP]
   171 0000019D 83 E8 18                        	SUB	EAX,24
   172 000001A0 50                              	PUSH	EAX
   173 000001A1 8B 45 F8                        	MOV	EAX,DWORD [-8+EBP]
   174 000001A4 83 E8 04                        	SUB	EAX,4
   175 000001A7 50                              	PUSH	EAX
   176 000001A8 8B 45 F4                        	MOV	EAX,DWORD [-12+EBP]
   177 000001AB 83 E8 18                        	SUB	EAX,24
   178 000001AE 50                              	PUSH	EAX
   179 000001AF 8B 45 F8                        	MOV	EAX,DWORD [-8+EBP]
   180 000001B2 83 E8 2F                        	SUB	EAX,47
   181 000001B5 50                              	PUSH	EAX
   182 000001B6 6A 0F                           	PUSH	15
   183 000001B8 FF 75 F8                        	PUSH	DWORD [-8+EBP]
   184 000001BB FF 75 FC                        	PUSH	DWORD [-4+EBP]
   185 000001BE E8 00000097                     	CALL	_boxfill8
   186 000001C3 83 C4 20                        	ADD	ESP,32
   187 000001C6 83 EC 04                        	SUB	ESP,4
   188 000001C9 8B 45 F4                        	MOV	EAX,DWORD [-12+EBP]
   189 000001CC 83 E8 04                        	SUB	EAX,4
   190 000001CF 50                              	PUSH	EAX
   191 000001D0 8B 45 F8                        	MOV	EAX,DWORD [-8+EBP]
   192 000001D3 83 E8 2F                        	SUB	EAX,47
   193 000001D6 50                              	PUSH	EAX
   194 000001D7 8B 45 F4                        	MOV	EAX,DWORD [-12+EBP]
   195 000001DA 83 E8 17                        	SUB	EAX,23
   196 000001DD 50                              	PUSH	EAX
   197 000001DE 8B 45 F8                        	MOV	EAX,DWORD [-8+EBP]
   198 000001E1 83 E8 2F                        	SUB	EAX,47
   199 000001E4 50                              	PUSH	EAX
   200 000001E5 6A 0F                           	PUSH	15
   201 000001E7 FF 75 F8                        	PUSH	DWORD [-8+EBP]
   202 000001EA FF 75 FC                        	PUSH	DWORD [-4+EBP]
   203 000001ED E8 00000068                     	CALL	_boxfill8
   204 000001F2 83 C4 20                        	ADD	ESP,32
   205 000001F5 83 EC 04                        	SUB	ESP,4
   206 000001F8 8B 45 F4                        	MOV	EAX,DWORD [-12+EBP]
   207 000001FB 83 E8 03                        	SUB	EAX,3
   208 000001FE 50                              	PUSH	EAX
   209 000001FF 8B 45 F8                        	MOV	EAX,DWORD [-8+EBP]
   210 00000202 83 E8 04                        	SUB	EAX,4
   211 00000205 50                              	PUSH	EAX
   212 00000206 8B 45 F4                        	MOV	EAX,DWORD [-12+EBP]
   213 00000209 83 E8 03                        	SUB	EAX,3
   214 0000020C 50                              	PUSH	EAX
   215 0000020D 8B 45 F8                        	MOV	EAX,DWORD [-8+EBP]
   216 00000210 83 E8 2F                        	SUB	EAX,47
   217 00000213 50                              	PUSH	EAX
   218 00000214 6A 07                           	PUSH	7
   219 00000216 FF 75 F8                        	PUSH	DWORD [-8+EBP]
   220 00000219 FF 75 FC                        	PUSH	DWORD [-4+EBP]
   221 0000021C E8 00000039                     	CALL	_boxfill8
   222 00000221 83 C4 20                        	ADD	ESP,32
   223 00000224 83 EC 04                        	SUB	ESP,4
   224 00000227 8B 45 F4                        	MOV	EAX,DWORD [-12+EBP]
   225 0000022A 83 E8 03                        	SUB	EAX,3
   226 0000022D 50                              	PUSH	EAX
   227 0000022E 8B 45 F8                        	MOV	EAX,DWORD [-8+EBP]
   228 00000231 83 E8 03                        	SUB	EAX,3
   229 00000234 50                              	PUSH	EAX
   230 00000235 8B 45 F4                        	MOV	EAX,DWORD [-12+EBP]
   231 00000238 83 E8 18                        	SUB	EAX,24
   232 0000023B 50                              	PUSH	EAX
   233 0000023C 8B 45 F8                        	MOV	EAX,DWORD [-8+EBP]
   234 0000023F 83 E8 03                        	SUB	EAX,3
   235 00000242 50                              	PUSH	EAX
   236 00000243 6A 07                           	PUSH	7
   237 00000245 FF 75 F8                        	PUSH	DWORD [-8+EBP]
   238 00000248 FF 75 FC                        	PUSH	DWORD [-4+EBP]
   239 0000024B E8 0000000A                     	CALL	_boxfill8
   240 00000250 83 C4 20                        	ADD	ESP,32
   241 00000253                                 L2:
   242 00000253 E8 [00000000]                   	CALL	_io_hlt
   243 00000258 EB F9                           	JMP	L2
   244 0000025A                                 	ALIGN	2
   245 0000025A                                 	GLOBAL	_boxfill8
   246 0000025A                                 _boxfill8:
   247 0000025A 55                              	PUSH	EBP
   248 0000025B 89 E5                           	MOV	EBP,ESP
   249 0000025D 83 EC 0C                        	SUB	ESP,12
   250 00000260 8B 45 10                        	MOV	EAX,DWORD [16+EBP]
   251 00000263 88 45 FF                        	MOV	BYTE [-1+EBP],AL
   252 00000266 8B 45 18                        	MOV	EAX,DWORD [24+EBP]
   253 00000269 89 45 F4                        	MOV	DWORD [-12+EBP],EAX
   254 0000026C                                 L4:
   255 0000026C 8B 45 F4                        	MOV	EAX,DWORD [-12+EBP]
   256 0000026F 3B 45 20                        	CMP	EAX,DWORD [32+EBP]
   257 00000272 7E 02                           	JLE	L7
   258 00000274 EB 32                           	JMP	L3
   259 00000276                                 L7:
   260 00000276 8B 45 14                        	MOV	EAX,DWORD [20+EBP]
   261 00000279 89 45 F8                        	MOV	DWORD [-8+EBP],EAX
   262 0000027C                                 L8:
   263 0000027C 8B 45 F8                        	MOV	EAX,DWORD [-8+EBP]
   264 0000027F 3B 45 1C                        	CMP	EAX,DWORD [28+EBP]
   265 00000282 7E 02                           	JLE	L11
   266 00000284 EB 1B                           	JMP	L6
   267 00000286                                 L11:
   268 00000286 8B 45 F4                        	MOV	EAX,DWORD [-12+EBP]
   269 00000289 0F AF 45 0C                     	IMUL	EAX,DWORD [12+EBP]
   270 0000028D 03 45 F8                        	ADD	EAX,DWORD [-8+EBP]
   271 00000290 89 C2                           	MOV	EDX,EAX
   272 00000292 03 55 08                        	ADD	EDX,DWORD [8+EBP]
   273 00000295 8A 45 FF                        	MOV	AL,BYTE [-1+EBP]
   274 00000298 88 02                           	MOV	BYTE [EDX],AL
   275 0000029A 8D 45 F8                        	LEA	EAX,DWORD [-8+EBP]
   276 0000029D FF 00                           	INC	DWORD [EAX]
   277 0000029F EB DB                           	JMP	L8
   278 000002A1                                 L6:
   279 000002A1 8D 45 F4                        	LEA	EAX,DWORD [-12+EBP]
   280 000002A4 FF 00                           	INC	DWORD [EAX]
   281 000002A6 EB C4                           	JMP	L4
   282 000002A8                                 L3:
   283 000002A8 C9                              	LEAVE
   284 000002A9 C3                              	RET
   285                                          [SECTION .data]
   286 00000000                                 _table_rgb.0:
   287 00000000 00                              	DB	0
   288 00000001 00                              	DB	0
   289 00000002 00                              	DB	0
   290 00000003 FF                              	DB	-1
   291 00000004 00                              	DB	0
   292 00000005 00                              	DB	0
   293 00000006 00                              	DB	0
   294 00000007 FF                              	DB	-1
   295 00000008 00                              	DB	0
   296 00000009 FF                              	DB	-1
   297 0000000A FF                              	DB	-1
   298 0000000B 00                              	DB	0
   299 0000000C 00                              	DB	0
   300 0000000D 00                              	DB	0
   301 0000000E FF                              	DB	-1
   302 0000000F FF                              	DB	-1
   303 00000010 00                              	DB	0
   304 00000011 FF                              	DB	-1
   305 00000012 00                              	DB	0
   306 00000013 FF                              	DB	-1
   307 00000014 FF                              	DB	-1
   308 00000015 FF                              	DB	-1
   309 00000016 FF                              	DB	-1
   310 00000017 FF                              	DB	-1
   311 00000018 C6                              	DB	-58
   312 00000019 C6                              	DB	-58
   313 0000001A C6                              	DB	-58
   314 0000001B 84                              	DB	-124
   315 0000001C 00                              	DB	0
   316 0000001D 00                              	DB	0
   317 0000001E 00                              	DB	0
   318 0000001F 84                              	DB	-124
   319 00000020 00                              	DB	0
   320 00000021 84                              	DB	-124
   321 00000022 84                              	DB	-124
   322 00000023 00                              	DB	0
   323 00000024 00                              	DB	0
   324 00000025 00                              	DB	0
   325 00000026 84                              	DB	-124
   326 00000027 84                              	DB	-124
   327 00000028 00                              	DB	0
   328 00000029 84                              	DB	-124
   329 0000002A 00                              	DB	0
   330 0000002B 84                              	DB	-124
   331 0000002C 84                              	DB	-124
   332 0000002D 84                              	DB	-124
   333 0000002E 84                              	DB	-124
   334 0000002F 84                              	DB	-124
   335                                          [SECTION .text]
   336 000002AA                                 	ALIGN	2
   337 000002AA                                 	GLOBAL	_init_palette
   338 000002AA                                 _init_palette:
   339 000002AA 55                              	PUSH	EBP
   340 000002AB 89 E5                           	MOV	EBP,ESP
   341 000002AD 83 EC 08                        	SUB	ESP,8
   342 000002B0 83 EC 04                        	SUB	ESP,4
   343 000002B3 68 [00000000]                   	PUSH	_table_rgb.0
   344 000002B8 6A 0F                           	PUSH	15
   345 000002BA 6A 00                           	PUSH	0
   346 000002BC E8 00000005                     	CALL	_set_palette
   347 000002C1 83 C4 10                        	ADD	ESP,16
   348 000002C4 C9                              	LEAVE
   349 000002C5 C3                              	RET
   350 000002C6                                 	ALIGN	2
   351 000002C6                                 	GLOBAL	_set_palette
   352 000002C6                                 _set_palette:
   353 000002C6 55                              	PUSH	EBP
   354 000002C7 89 E5                           	MOV	EBP,ESP
   355 000002C9 83 EC 08                        	SUB	ESP,8
   356 000002CC E8 [00000000]                   	CALL	_io_load_eflags
   357 000002D1 89 45 F8                        	MOV	DWORD [-8+EBP],EAX
   358 000002D4 E8 [00000000]                   	CALL	_io_cli
   359 000002D9 83 EC 08                        	SUB	ESP,8
   360 000002DC FF 75 08                        	PUSH	DWORD [8+EBP]
   361 000002DF 68 000003C8                     	PUSH	968
   362 000002E4 E8 [00000000]                   	CALL	_io_out8
   363 000002E9 83 C4 10                        	ADD	ESP,16
   364 000002EC 8B 45 08                        	MOV	EAX,DWORD [8+EBP]
   365 000002EF 89 45 FC                        	MOV	DWORD [-4+EBP],EAX
   366 000002F2                                 L14:
   367 000002F2 8B 45 FC                        	MOV	EAX,DWORD [-4+EBP]
   368 000002F5 3B 45 0C                        	CMP	EAX,DWORD [12+EBP]
   369 000002F8 7E 02                           	JLE	L17
   370 000002FA EB 6B                           	JMP	L15
   371 000002FC                                 L17:
   372 000002FC 83 EC 08                        	SUB	ESP,8
   373 000002FF 8B 45 10                        	MOV	EAX,DWORD [16+EBP]
   374 00000302 8A 00                           	MOV	AL,BYTE [EAX]
   375 00000304 C0 E8 02                        	SHR	AL,2
   376 00000307 25 000000FF                     	AND	EAX,255
   377 0000030C 50                              	PUSH	EAX
   378 0000030D 68 000003C9                     	PUSH	969
   379 00000312 E8 [00000000]                   	CALL	_io_out8
   380 00000317 83 C4 10                        	ADD	ESP,16
   381 0000031A 83 EC 08                        	SUB	ESP,8
   382 0000031D 8B 45 10                        	MOV	EAX,DWORD [16+EBP]
   383 00000320 40                              	INC	EAX
   384 00000321 8A 00                           	MOV	AL,BYTE [EAX]
   385 00000323 C0 E8 02                        	SHR	AL,2
   386 00000326 25 000000FF                     	AND	EAX,255
   387 0000032B 50                              	PUSH	EAX
   388 0000032C 68 000003C9                     	PUSH	969
   389 00000331 E8 [00000000]                   	CALL	_io_out8
   390 00000336 83 C4 10                        	ADD	ESP,16
   391 00000339 83 EC 08                        	SUB	ESP,8
   392 0000033C 8B 45 10                        	MOV	EAX,DWORD [16+EBP]
   393 0000033F 83 C0 02                        	ADD	EAX,2
   394 00000342 8A 00                           	MOV	AL,BYTE [EAX]
   395 00000344 C0 E8 02                        	SHR	AL,2
   396 00000347 25 000000FF                     	AND	EAX,255
   397 0000034C 50                              	PUSH	EAX
   398 0000034D 68 000003C9                     	PUSH	969
   399 00000352 E8 [00000000]                   	CALL	_io_out8
   400 00000357 83 C4 10                        	ADD	ESP,16
   401 0000035A 8D 45 10                        	LEA	EAX,DWORD [16+EBP]
   402 0000035D 83 00 03                        	ADD	DWORD [EAX],3
   403 00000360 8D 45 FC                        	LEA	EAX,DWORD [-4+EBP]
   404 00000363 FF 00                           	INC	DWORD [EAX]
   405 00000365 EB 8B                           	JMP	L14
   406 00000367                                 L15:
   407 00000367 83 EC 0C                        	SUB	ESP,12
   408 0000036A FF 75 F8                        	PUSH	DWORD [-8+EBP]
   409 0000036D E8 [00000000]                   	CALL	_io_store_eflags
   410 00000372 83 C4 10                        	ADD	ESP,16
   411 00000375 C9                              	LEAVE
   412 00000376 C3                              	RET
